<?xml version="1.0" encoding="UTF-8"?>
<coverage generated="1698603803292" clover="3.2.0">
  <project timestamp="1698603803292" name="All files">
    <metrics statements="31" coveredstatements="31" conditionals="6" coveredconditionals="5" methods="5" coveredmethods="5" elements="42" coveredelements="41" complexity="0" loc="31" ncloc="31" packages="1" files="1" classes="1"/>
    <file name="mortgageCalculator.js" path="C:\Users\tijnk\OneDrive\Documents\testenUnitTests\js\mortgageCalculator.js">
      <metrics statements="31" coveredstatements="31" conditionals="6" coveredconditionals="5" methods="5" coveredmethods="5"/>
      <line num="2" count="5" type="stmt"/>
      <line num="4" count="5" type="cond" truecount="2" falsecount="0"/>
      <line num="5" count="2" type="stmt"/>
      <line num="8" count="5" type="stmt"/>
      <line num="12" count="4" type="stmt"/>
      <line num="24" count="4" type="stmt"/>
      <line num="25" count="4" type="stmt"/>
      <line num="26" count="4" type="stmt"/>
      <line num="29" count="4" type="stmt"/>
      <line num="32" count="4" type="stmt"/>
      <line num="40" count="4" type="stmt"/>
      <line num="48" count="4" type="stmt"/>
      <line num="49" count="4" type="stmt"/>
      <line num="51" count="4" type="stmt"/>
      <line num="52" count="4" type="stmt"/>
      <line num="53" count="960" type="stmt"/>
      <line num="54" count="960" type="stmt"/>
      <line num="55" count="960" type="stmt"/>
      <line num="57" count="960" type="stmt"/>
      <line num="64" count="4" type="stmt"/>
      <line num="74" count="3" type="cond" truecount="1" falsecount="1"/>
      <line num="75" count="3" type="cond" truecount="2" falsecount="0"/>
      <line num="76" count="3" type="stmt"/>
      <line num="77" count="3" type="stmt"/>
      <line num="79" count="3" type="stmt"/>
      <line num="84" count="3" type="stmt"/>
      <line num="86" count="3" type="stmt"/>
      <line num="88" count="3" type="stmt"/>
      <line num="92" count="3" type="stmt"/>
      <line num="98" count="3" type="stmt"/>
      <line num="107" count="1" type="stmt"/>
    </file>
  </project>
</coverage>
