<?xml version="1.0" encoding="UTF-8"?>
<coverage generated="1698608309272" clover="3.2.0">
  <project timestamp="1698608309272" name="All files">
    <metrics statements="31" coveredstatements="31" conditionals="6" coveredconditionals="5" methods="5" coveredmethods="5" elements="42" coveredelements="41" complexity="0" loc="31" ncloc="31" packages="1" files="1" classes="1"/>
    <file name="mortgageCalculator.js" path="C:\Users\tijnk\OneDrive\Documents\testen1\js\mortgageCalculator.js">
      <metrics statements="31" coveredstatements="31" conditionals="6" coveredconditionals="5" methods="5" coveredmethods="5"/>
      <line num="2" count="5" type="stmt"/>
      <line num="4" count="5" type="cond" truecount="2" falsecount="0"/>
      <line num="5" count="2" type="stmt"/>
      <line num="8" count="5" type="stmt"/>
      <line num="12" count="4" type="stmt"/>
      <line num="20" count="4" type="stmt"/>
      <line num="21" count="4" type="stmt"/>
      <line num="22" count="4" type="stmt"/>
      <line num="25" count="4" type="stmt"/>
      <line num="28" count="4" type="stmt"/>
      <line num="36" count="4" type="stmt"/>
      <line num="44" count="4" type="stmt"/>
      <line num="45" count="4" type="stmt"/>
      <line num="47" count="4" type="stmt"/>
      <line num="48" count="4" type="stmt"/>
      <line num="49" count="960" type="stmt"/>
      <line num="50" count="960" type="stmt"/>
      <line num="51" count="960" type="stmt"/>
      <line num="53" count="960" type="stmt"/>
      <line num="60" count="4" type="stmt"/>
      <line num="70" count="3" type="cond" truecount="1" falsecount="1"/>
      <line num="71" count="3" type="cond" truecount="2" falsecount="0"/>
      <line num="72" count="3" type="stmt"/>
      <line num="73" count="3" type="stmt"/>
      <line num="76" count="3" type="stmt"/>
      <line num="78" count="3" type="stmt"/>
      <line num="84" count="3" type="stmt"/>
      <line num="86" count="3" type="stmt"/>
      <line num="88" count="3" type="stmt"/>
      <line num="94" count="3" type="stmt"/>
      <line num="103" count="1" type="stmt"/>
    </file>
  </project>
</coverage>
