{"C:\\Users\\tijnk\\OneDrive\\Documents\\testen1\\js\\mortgageCalculator.js": {"path":"C:\\Users\\tijnk\\OneDrive\\Documents\\testen1\\js\\mortgageCalculator.js","statementMap":{"0":{"start":{"line":2,"column":22},"end":{"line":2,"column":50}},"1":{"start":{"line":4,"column":2},"end":{"line":6,"column":3}},"2":{"start":{"line":5,"column":4},"end":{"line":5,"column":26}},"3":{"start":{"line":8,"column":2},"end":{"line":8,"column":23}},"4":{"start":{"line":12,"column":24},"end":{"line":18,"column":3}},"5":{"start":{"line":20,"column":23},"end":{"line":20,"column":54}},"6":{"start":{"line":21,"column":30},"end":{"line":21,"column":47}},"7":{"start":{"line":22,"column":27},"end":{"line":22,"column":48}},"8":{"start":{"line":25,"column":4},"end":{"line":26,"column":62}},"9":{"start":{"line":28,"column":2},"end":{"line":32,"column":4}},"10":{"start":{"line":36,"column":2},"end":{"line":36,"column":44}},"11":{"start":{"line":44,"column":30},"end":{"line":44,"column":62}},"12":{"start":{"line":45,"column":28},"end":{"line":45,"column":41}},"13":{"start":{"line":47,"column":27},"end":{"line":47,"column":29}},"14":{"start":{"line":48,"column":2},"end":{"line":58,"column":3}},"15":{"start":{"line":48,"column":15},"end":{"line":48,"column":16}},"16":{"start":{"line":49,"column":28},"end":{"line":49,"column":69}},"17":{"start":{"line":50,"column":29},"end":{"line":50,"column":66}},"18":{"start":{"line":51,"column":4},"end":{"line":51,"column":44}},"19":{"start":{"line":53,"column":4},"end":{"line":57,"column":7}},"20":{"start":{"line":60,"column":2},"end":{"line":60,"column":26}},"21":{"start":{"line":70,"column":2},"end":{"line":70,"column":35}},"22":{"start":{"line":71,"column":2},"end":{"line":71,"column":49}},"23":{"start":{"line":72,"column":2},"end":{"line":72,"column":48}},"24":{"start":{"line":73,"column":2},"end":{"line":73,"column":43}},"25":{"start":{"line":76,"column":28},"end":{"line":76,"column":52}},"26":{"start":{"line":78,"column":24},"end":{"line":82,"column":3}},"27":{"start":{"line":84,"column":17},"end":{"line":84,"column":74}},"28":{"start":{"line":86,"column":60},"end":{"line":86,"column":66}},"29":{"start":{"line":88,"column":27},"end":{"line":92,"column":3}},"30":{"start":{"line":94,"column":2},"end":{"line":100,"column":4}},"31":{"start":{"line":103,"column":0},"end":{"line":109,"column":2}}},"fnMap":{"0":{"name":"calculateMaxLoanAmount","decl":{"start":{"line":1,"column":9},"end":{"line":1,"column":31}},"loc":{"start":{"line":1,"column":71},"end":{"line":9,"column":1}},"line":1},"1":{"name":"calculateMonthlyPayments","decl":{"start":{"line":11,"column":9},"end":{"line":11,"column":33}},"loc":{"start":{"line":11,"column":67},"end":{"line":33,"column":1}},"line":11},"2":{"name":"calculateTotalCost","decl":{"start":{"line":35,"column":9},"end":{"line":35,"column":27}},"loc":{"start":{"line":35,"column":63},"end":{"line":37,"column":1}},"line":35},"3":{"name":"calculateInterestSchedule","decl":{"start":{"line":39,"column":9},"end":{"line":39,"column":34}},"loc":{"start":{"line":43,"column":2},"end":{"line":61,"column":1}},"line":43},"4":{"name":"calculateMortgage","decl":{"start":{"line":63,"column":9},"end":{"line":63,"column":26}},"loc":{"start":{"line":69,"column":2},"end":{"line":101,"column":1}},"line":69}},"branchMap":{"0":{"loc":{"start":{"line":4,"column":2},"end":{"line":6,"column":3}},"type":"if","locations":[{"start":{"line":4,"column":2},"end":{"line":6,"column":3}},{"start":{},"end":{}}],"line":4},"1":{"loc":{"start":{"line":70,"column":11},"end":{"line":70,"column":34}},"type":"binary-expr","locations":[{"start":{"line":70,"column":11},"end":{"line":70,"column":29}},{"start":{"line":70,"column":33},"end":{"line":70,"column":34}}],"line":70},"2":{"loc":{"start":{"line":71,"column":18},"end":{"line":71,"column":48}},"type":"binary-expr","locations":[{"start":{"line":71,"column":18},"end":{"line":71,"column":43}},{"start":{"line":71,"column":47},"end":{"line":71,"column":48}}],"line":71}},"s":{"0":5,"1":5,"2":2,"3":5,"4":4,"5":4,"6":4,"7":4,"8":4,"9":4,"10":4,"11":4,"12":4,"13":4,"14":4,"15":4,"16":960,"17":960,"18":960,"19":960,"20":4,"21":3,"22":3,"23":3,"24":3,"25":3,"26":3,"27":3,"28":3,"29":3,"30":3,"31":1},"f":{"0":5,"1":4,"2":4,"3":4,"4":3},"b":{"0":[2,3],"1":[3,0],"2":[3,1]},"_coverageSchema":"1a1c01bbd47fc00a2c39e90264f33305004495a9","hash":"395d13a99428e252b18f932863a379df7d6232ed"}
}
