{"C:\\Users\\tijnk\\OneDrive\\Documents\\testenUnitTests\\js\\mortgageCalculator.js": {"path":"C:\\Users\\tijnk\\OneDrive\\Documents\\testenUnitTests\\js\\mortgageCalculator.js","statementMap":{"0":{"start":{"line":2,"column":22},"end":{"line":2,"column":50}},"1":{"start":{"line":4,"column":2},"end":{"line":6,"column":3}},"2":{"start":{"line":5,"column":4},"end":{"line":5,"column":26}},"3":{"start":{"line":8,"column":2},"end":{"line":8,"column":23}},"4":{"start":{"line":12,"column":24},"end":{"line":18,"column":3}},"5":{"start":{"line":24,"column":23},"end":{"line":24,"column":54}},"6":{"start":{"line":25,"column":30},"end":{"line":25,"column":47}},"7":{"start":{"line":26,"column":27},"end":{"line":26,"column":48}},"8":{"start":{"line":29,"column":4},"end":{"line":30,"column":62}},"9":{"start":{"line":32,"column":2},"end":{"line":36,"column":4}},"10":{"start":{"line":40,"column":2},"end":{"line":40,"column":44}},"11":{"start":{"line":48,"column":30},"end":{"line":48,"column":62}},"12":{"start":{"line":49,"column":28},"end":{"line":49,"column":41}},"13":{"start":{"line":51,"column":27},"end":{"line":51,"column":29}},"14":{"start":{"line":52,"column":2},"end":{"line":62,"column":3}},"15":{"start":{"line":52,"column":15},"end":{"line":52,"column":16}},"16":{"start":{"line":53,"column":28},"end":{"line":53,"column":69}},"17":{"start":{"line":54,"column":29},"end":{"line":54,"column":66}},"18":{"start":{"line":55,"column":4},"end":{"line":55,"column":44}},"19":{"start":{"line":57,"column":4},"end":{"line":61,"column":7}},"20":{"start":{"line":64,"column":2},"end":{"line":64,"column":26}},"21":{"start":{"line":74,"column":2},"end":{"line":74,"column":35}},"22":{"start":{"line":75,"column":2},"end":{"line":75,"column":49}},"23":{"start":{"line":76,"column":2},"end":{"line":76,"column":48}},"24":{"start":{"line":77,"column":2},"end":{"line":77,"column":43}},"25":{"start":{"line":79,"column":24},"end":{"line":83,"column":3}},"26":{"start":{"line":84,"column":2},"end":{"line":84,"column":29}},"27":{"start":{"line":86,"column":17},"end":{"line":86,"column":74}},"28":{"start":{"line":88,"column":60},"end":{"line":88,"column":66}},"29":{"start":{"line":92,"column":27},"end":{"line":96,"column":3}},"30":{"start":{"line":98,"column":2},"end":{"line":104,"column":4}},"31":{"start":{"line":107,"column":0},"end":{"line":113,"column":2}}},"fnMap":{"0":{"name":"calculateMaxLoanAmount","decl":{"start":{"line":1,"column":9},"end":{"line":1,"column":31}},"loc":{"start":{"line":1,"column":71},"end":{"line":9,"column":1}},"line":1},"1":{"name":"calculateMonthlyPayments","decl":{"start":{"line":11,"column":9},"end":{"line":11,"column":33}},"loc":{"start":{"line":11,"column":67},"end":{"line":37,"column":1}},"line":11},"2":{"name":"calculateTotalCost","decl":{"start":{"line":39,"column":9},"end":{"line":39,"column":27}},"loc":{"start":{"line":39,"column":63},"end":{"line":41,"column":1}},"line":39},"3":{"name":"calculateInterestSchedule","decl":{"start":{"line":43,"column":9},"end":{"line":43,"column":34}},"loc":{"start":{"line":47,"column":2},"end":{"line":65,"column":1}},"line":47},"4":{"name":"calculateMortgage","decl":{"start":{"line":67,"column":9},"end":{"line":67,"column":26}},"loc":{"start":{"line":73,"column":2},"end":{"line":105,"column":1}},"line":73}},"branchMap":{"0":{"loc":{"start":{"line":4,"column":2},"end":{"line":6,"column":3}},"type":"if","locations":[{"start":{"line":4,"column":2},"end":{"line":6,"column":3}},{"start":{},"end":{}}],"line":4},"1":{"loc":{"start":{"line":74,"column":11},"end":{"line":74,"column":34}},"type":"binary-expr","locations":[{"start":{"line":74,"column":11},"end":{"line":74,"column":29}},{"start":{"line":74,"column":33},"end":{"line":74,"column":34}}],"line":74},"2":{"loc":{"start":{"line":75,"column":18},"end":{"line":75,"column":48}},"type":"binary-expr","locations":[{"start":{"line":75,"column":18},"end":{"line":75,"column":43}},{"start":{"line":75,"column":47},"end":{"line":75,"column":48}}],"line":75}},"s":{"0":5,"1":5,"2":2,"3":5,"4":4,"5":4,"6":4,"7":4,"8":4,"9":4,"10":4,"11":4,"12":4,"13":4,"14":4,"15":4,"16":960,"17":960,"18":960,"19":960,"20":4,"21":3,"22":3,"23":3,"24":3,"25":3,"26":3,"27":3,"28":3,"29":3,"30":3,"31":1},"f":{"0":5,"1":4,"2":4,"3":4,"4":3},"b":{"0":[2,3],"1":[3,0],"2":[3,1]},"_coverageSchema":"1a1c01bbd47fc00a2c39e90264f33305004495a9","hash":"9117bb01b3c9f5a67a183b68d022701dc6d262a9"}
}
