TN:
SF:js\mortgageCalculator.js
FN:1,calculateMaxLoanAmount
FN:11,calculateMonthlyPayments
FN:39,calculateTotalCost
FN:43,calculateInterestSchedule
FN:67,calculateMortgage
FNF:5
FNH:5
FNDA:5,calculateMaxLoanAmount
FNDA:4,calculateMonthlyPayments
FNDA:4,calculateTotalCost
FNDA:4,calculateInterestSchedule
FNDA:3,calculateMortgage
DA:2,5
DA:4,5
DA:5,2
DA:8,5
DA:12,4
DA:24,4
DA:25,4
DA:26,4
DA:29,4
DA:32,4
DA:40,4
DA:48,4
DA:49,4
DA:51,4
DA:52,4
DA:53,960
DA:54,960
DA:55,960
DA:57,960
DA:64,4
DA:74,3
DA:75,3
DA:76,3
DA:77,3
DA:79,3
DA:84,3
DA:86,3
DA:88,3
DA:92,3
DA:98,3
DA:107,1
LF:31
LH:31
BRDA:4,0,0,2
BRDA:4,0,1,3
BRDA:74,1,0,3
BRDA:74,1,1,0
BRDA:75,2,0,3
BRDA:75,2,1,1
BRF:6
BRH:5
end_of_record
