TN:
SF:js\mortgageCalculator.js
FN:1,calculateMaxLoanAmount
FN:11,calculateMonthlyPayments
FN:35,calculateTotalCost
FN:39,calculateInterestSchedule
FN:63,calculateMortgage
FNF:5
FNH:5
FNDA:5,calculateMaxLoanAmount
FNDA:4,calculateMonthlyPayments
FNDA:4,calculateTotalCost
FNDA:4,calculateInterestSchedule
FNDA:3,calculateMortgage
DA:2,5
DA:4,5
DA:5,2
DA:8,5
DA:12,4
DA:20,4
DA:21,4
DA:22,4
DA:25,4
DA:28,4
DA:36,4
DA:44,4
DA:45,4
DA:47,4
DA:48,4
DA:49,960
DA:50,960
DA:51,960
DA:53,960
DA:60,4
DA:70,3
DA:71,3
DA:72,3
DA:73,3
DA:76,3
DA:78,3
DA:84,3
DA:86,3
DA:88,3
DA:94,3
DA:103,1
LF:31
LH:31
BRDA:4,0,0,2
BRDA:4,0,1,3
BRDA:70,1,0,3
BRDA:70,1,1,0
BRDA:71,2,0,3
BRDA:71,2,1,1
BRF:6
BRH:5
end_of_record
